This file contains any messages produced by compilers while
running configure, to aid debugging if configure makes a mistake.

It was created by splay-daemon configure 1.0, which was
generated by GNU Autoconf 2.69.  Invocation command line was

  $ ./configure --with-luabase64 --enable-lua-headers=/usr/local/include --enable-lua-library=/usr/local/lib

## --------- ##
## Platform. ##
## --------- ##

hostname = cli47_185.eduroam.unine.ch
uname -m = x86_64
uname -r = 13.4.0
uname -s = Darwin
uname -v = Darwin Kernel Version 13.4.0: Mon Jan 11 18:17:34 PST 2016; root:xnu-2422.115.15~1/RELEASE_X86_64

/usr/bin/uname -p = i386
/bin/uname -X     = unknown

/bin/arch              = unknown
/usr/bin/arch -k       = unknown
/usr/convex/getsysinfo = unknown
/usr/bin/hostinfo      = Mach kernel version:
	 Darwin Kernel Version 13.4.0: Mon Jan 11 18:17:34 PST 2016; root:xnu-2422.115.15~1/RELEASE_X86_64
Kernel configured for up to 8 processors.
4 processors are physically available.
8 processors are logically available.
Processor type: i486 (Intel 80486)
Processors active: 0 1 2 3 4 5 6 7
Primary memory available: 8.00 gigabytes
Default processor set: 204 tasks, 1379 threads, 8 processors
Load average: 1.41, Mach factor: 6.58
/bin/machine           = unknown
/usr/bin/oslevel       = unknown
/bin/universe          = unknown

PATH: /Library/Frameworks/Python.framework/Versions/2.7/bin
PATH: /Users/markusroth/.rvm/gems/ruby-2.2.4/bin
PATH: /Users/markusroth/.rvm/gems/ruby-2.2.4@global/bin
PATH: /Users/markusroth/.rvm/rubies/ruby-2.2.4/bin
PATH: /Users/markusroth/.rbenv/shims
PATH: /usr/bin
PATH: /bin
PATH: /usr/sbin
PATH: /sbin
PATH: /usr/local/bin
PATH: /Library/TeX/texbin
PATH: /Users/markusroth/.rvm/bin


## ----------- ##
## Core tests. ##
## ----------- ##

configure:2228: checking for a BSD-compatible install
configure:2296: result: /usr/bin/install -c
configure:2307: checking whether build environment is sane
configure:2362: result: yes
configure:2513: checking for a thread-safe mkdir -p
configure:2552: result: ./install-sh -c -d
configure:2559: checking for gawk
configure:2589: result: no
configure:2559: checking for mawk
configure:2589: result: no
configure:2559: checking for nawk
configure:2589: result: no
configure:2559: checking for awk
configure:2575: found /usr/bin/awk
configure:2586: result: awk
configure:2597: checking whether make sets $(MAKE)
configure:2619: result: yes
configure:2648: checking whether make supports nested variables
configure:2665: result: yes
configure:2842: checking for gcc
configure:2858: found /usr/bin/gcc
configure:2869: result: gcc
configure:3098: checking for C compiler version
configure:3107: gcc --version >&5
Apple LLVM version 6.0 (clang-600.0.57) (based on LLVM 3.5svn)
Target: x86_64-apple-darwin13.4.0
Thread model: posix
Configured with: --prefix=/Library/Developer/CommandLineTools/usr --with-gxx-include-dir=/usr/include/c++/4.2.1
configure:3118: $? = 0
configure:3107: gcc -v >&5
Configured with: --prefix=/Library/Developer/CommandLineTools/usr --with-gxx-include-dir=/usr/include/c++/4.2.1
Apple LLVM version 6.0 (clang-600.0.57) (based on LLVM 3.5svn)
Target: x86_64-apple-darwin13.4.0
Thread model: posix
configure:3118: $? = 0
configure:3107: gcc -V >&5
clang: error: argument to '-V' is missing (expected 1 value)
clang: error: no input files
configure:3118: $? = 1
configure:3107: gcc -qversion >&5
clang: error: unknown argument: '-qversion'
clang: error: no input files
configure:3118: $? = 1
configure:3138: checking whether the C compiler works
configure:3160: gcc  -I../../include  conftest.c  >&5
configure:3164: $? = 0
configure:3212: result: yes
configure:3215: checking for C compiler default output file name
configure:3217: result: a.out
configure:3223: checking for suffix of executables
configure:3230: gcc -o conftest  -I../../include  conftest.c  >&5
configure:3234: $? = 0
configure:3256: result: 
configure:3278: checking whether we are cross compiling
configure:3286: gcc -o conftest  -I../../include  conftest.c  >&5
configure:3290: $? = 0
configure:3297: ./conftest
configure:3301: $? = 0
configure:3316: result: no
configure:3321: checking for suffix of object files
configure:3343: gcc -c  -I../../include conftest.c >&5
configure:3347: $? = 0
configure:3368: result: o
configure:3372: checking whether we are using the GNU C compiler
configure:3391: gcc -c  -I../../include conftest.c >&5
configure:3391: $? = 0
configure:3400: result: yes
configure:3409: checking whether gcc accepts -g
configure:3429: gcc -c -g -I../../include conftest.c >&5
configure:3429: $? = 0
configure:3470: result: yes
configure:3487: checking for gcc option to accept ISO C89
configure:3550: gcc  -c -g -O2 -I../../include conftest.c >&5
configure:3550: $? = 0
configure:3563: result: none needed
configure:3588: checking whether gcc understands -c and -o together
configure:3610: gcc -c conftest.c -o conftest2.o
configure:3613: $? = 0
configure:3610: gcc -c conftest.c -o conftest2.o
configure:3613: $? = 0
configure:3625: result: yes
configure:3653: checking for style of include used by make
configure:3681: result: GNU
configure:3707: checking dependency style of gcc
configure:3818: result: gcc3
configure:3842: checking build system type
configure:3856: result: x86_64-apple-darwin13.4.0
configure:3876: checking host system type
configure:3889: result: x86_64-apple-darwin13.4.0
configure:3933: checking for lua
configure:3949: found /usr/local/bin/lua
configure:3961: result: true
configure:3970: checking Lua is installed
configure:3983: checking for openssl
configure:3999: found /usr/bin/openssl
configure:4011: result: true
configure:4020: checking OpenSsl is installed
configure:4033: checking how to run the C preprocessor
configure:4064: gcc -E -I../../include conftest.c
configure:4064: $? = 0
configure:4078: gcc -E -I../../include conftest.c
conftest.c:11:10: fatal error: 'ac_nonexistent.h' file not found
#include <ac_nonexistent.h>
         ^
1 error generated.
configure:4078: $? = 1
configure: failed program was:
| /* confdefs.h */
| #define PACKAGE_NAME "splay-daemon"
| #define PACKAGE_TARNAME "splay-daemon"
| #define PACKAGE_VERSION "1.0"
| #define PACKAGE_STRING "splay-daemon 1.0"
| #define PACKAGE_BUGREPORT "raziel.carvajal@unine.ch"
| #define PACKAGE_URL ""
| #define PACKAGE "splay-daemon"
| #define VERSION "1.0"
| /* end confdefs.h.  */
| #include <ac_nonexistent.h>
configure:4103: result: gcc -E
configure:4123: gcc -E -I../../include conftest.c
configure:4123: $? = 0
configure:4137: gcc -E -I../../include conftest.c
conftest.c:11:10: fatal error: 'ac_nonexistent.h' file not found
#include <ac_nonexistent.h>
         ^
1 error generated.
configure:4137: $? = 1
configure: failed program was:
| /* confdefs.h */
| #define PACKAGE_NAME "splay-daemon"
| #define PACKAGE_TARNAME "splay-daemon"
| #define PACKAGE_VERSION "1.0"
| #define PACKAGE_STRING "splay-daemon 1.0"
| #define PACKAGE_BUGREPORT "raziel.carvajal@unine.ch"
| #define PACKAGE_URL ""
| #define PACKAGE "splay-daemon"
| #define VERSION "1.0"
| /* end confdefs.h.  */
| #include <ac_nonexistent.h>
configure:4166: checking for grep that handles long lines and -e
configure:4224: result: /usr/bin/grep
configure:4229: checking for egrep
configure:4291: result: /usr/bin/grep -E
configure:4296: checking for ANSI C header files
configure:4316: gcc -c -g -O2 -I../../include conftest.c >&5
configure:4316: $? = 0
configure:4389: gcc -o conftest -g -O2 -I../../include  conftest.c  >&5
configure:4389: $? = 0
configure:4389: ./conftest
configure:4389: $? = 0
configure:4400: result: yes
configure:4413: checking for sys/types.h
configure:4413: gcc -c -g -O2 -I../../include conftest.c >&5
configure:4413: $? = 0
configure:4413: result: yes
configure:4413: checking for sys/stat.h
configure:4413: gcc -c -g -O2 -I../../include conftest.c >&5
configure:4413: $? = 0
configure:4413: result: yes
configure:4413: checking for stdlib.h
configure:4413: gcc -c -g -O2 -I../../include conftest.c >&5
configure:4413: $? = 0
configure:4413: result: yes
configure:4413: checking for string.h
configure:4413: gcc -c -g -O2 -I../../include conftest.c >&5
configure:4413: $? = 0
configure:4413: result: yes
configure:4413: checking for memory.h
configure:4413: gcc -c -g -O2 -I../../include conftest.c >&5
configure:4413: $? = 0
configure:4413: result: yes
configure:4413: checking for strings.h
configure:4413: gcc -c -g -O2 -I../../include conftest.c >&5
configure:4413: $? = 0
configure:4413: result: yes
configure:4413: checking for inttypes.h
configure:4413: gcc -c -g -O2 -I../../include conftest.c >&5
configure:4413: $? = 0
configure:4413: result: yes
configure:4413: checking for stdint.h
configure:4413: gcc -c -g -O2 -I../../include conftest.c >&5
configure:4413: $? = 0
configure:4413: result: yes
configure:4413: checking for unistd.h
configure:4413: gcc -c -g -O2 -I../../include conftest.c >&5
configure:4413: $? = 0
configure:4413: result: yes
configure:4425: checking for size_t
configure:4425: gcc -c -g -O2 -I../../include conftest.c >&5
configure:4425: $? = 0
configure:4425: gcc -c -g -O2 -I../../include conftest.c >&5
conftest.c:57:21: error: expected expression
if (sizeof ((size_t)))
                    ^
1 error generated.
configure:4425: $? = 1
configure: failed program was:
| /* confdefs.h */
| #define PACKAGE_NAME "splay-daemon"
| #define PACKAGE_TARNAME "splay-daemon"
| #define PACKAGE_VERSION "1.0"
| #define PACKAGE_STRING "splay-daemon 1.0"
| #define PACKAGE_BUGREPORT "raziel.carvajal@unine.ch"
| #define PACKAGE_URL ""
| #define PACKAGE "splay-daemon"
| #define VERSION "1.0"
| #define STDC_HEADERS 1
| #define HAVE_SYS_TYPES_H 1
| #define HAVE_SYS_STAT_H 1
| #define HAVE_STDLIB_H 1
| #define HAVE_STRING_H 1
| #define HAVE_MEMORY_H 1
| #define HAVE_STRINGS_H 1
| #define HAVE_INTTYPES_H 1
| #define HAVE_STDINT_H 1
| #define HAVE_UNISTD_H 1
| /* end confdefs.h.  */
| #include <stdio.h>
| #ifdef HAVE_SYS_TYPES_H
| # include <sys/types.h>
| #endif
| #ifdef HAVE_SYS_STAT_H
| # include <sys/stat.h>
| #endif
| #ifdef STDC_HEADERS
| # include <stdlib.h>
| # include <stddef.h>
| #else
| # ifdef HAVE_STDLIB_H
| #  include <stdlib.h>
| # endif
| #endif
| #ifdef HAVE_STRING_H
| # if !defined STDC_HEADERS && defined HAVE_MEMORY_H
| #  include <memory.h>
| # endif
| # include <string.h>
| #endif
| #ifdef HAVE_STRINGS_H
| # include <strings.h>
| #endif
| #ifdef HAVE_INTTYPES_H
| # include <inttypes.h>
| #endif
| #ifdef HAVE_STDINT_H
| # include <stdint.h>
| #endif
| #ifdef HAVE_UNISTD_H
| # include <unistd.h>
| #endif
| int
| main ()
| {
| if (sizeof ((size_t)))
| 	    return 0;
|   ;
|   return 0;
| }
configure:4425: result: yes
configure:4438: checking for stdlib.h
configure:4438: result: yes
configure:4448: checking for GNU libc compatible realloc
configure:4472: gcc -o conftest -g -O2 -I../../include  conftest.c  >&5
configure:4472: $? = 0
configure:4472: ./conftest
configure:4472: $? = 0
configure:4482: result: yes
configure:4511: checking arpa/inet.h usability
configure:4511: gcc -c -g -O2 -I../../include conftest.c >&5
configure:4511: $? = 0
configure:4511: result: yes
configure:4511: checking arpa/inet.h presence
configure:4511: gcc -E -I../../include conftest.c
configure:4511: $? = 0
configure:4511: result: yes
configure:4511: checking for arpa/inet.h
configure:4511: result: yes
configure:4511: checking fcntl.h usability
configure:4511: gcc -c -g -O2 -I../../include conftest.c >&5
configure:4511: $? = 0
configure:4511: result: yes
configure:4511: checking fcntl.h presence
configure:4511: gcc -E -I../../include conftest.c
configure:4511: $? = 0
configure:4511: result: yes
configure:4511: checking for fcntl.h
configure:4511: result: yes
configure:4511: checking netinet/in.h usability
configure:4511: gcc -c -g -O2 -I../../include conftest.c >&5
configure:4511: $? = 0
configure:4511: result: yes
configure:4511: checking netinet/in.h presence
configure:4511: gcc -E -I../../include conftest.c
configure:4511: $? = 0
configure:4511: result: yes
configure:4511: checking for netinet/in.h
configure:4511: result: yes
configure:4511: checking for stdlib.h
configure:4511: result: yes
configure:4511: checking for string.h
configure:4511: result: yes
configure:4511: checking sys/socket.h usability
configure:4511: gcc -c -g -O2 -I../../include conftest.c >&5
configure:4511: $? = 0
configure:4511: result: yes
configure:4511: checking sys/socket.h presence
configure:4511: gcc -E -I../../include conftest.c
configure:4511: $? = 0
configure:4511: result: yes
configure:4511: checking for sys/socket.h
configure:4511: result: yes
configure:4511: checking for unistd.h
configure:4511: result: yes
configure:4543: checking lua5.2/lua.h usability
configure:4543: gcc -c -g -O2 -I../../include conftest.c >&5
configure:4543: $? = 0
configure:4543: result: yes
configure:4543: checking lua5.2/lua.h presence
configure:4543: gcc -E -I../../include conftest.c
configure:4543: $? = 0
configure:4543: result: yes
configure:4543: checking for lua5.2/lua.h
configure:4543: result: yes
configure:4592: checking for library containing lua_close
configure:4623: gcc -o conftest -g -O2 -I../../include  conftest.c  >&5
Undefined symbols for architecture x86_64:
  "_lua_close", referenced from:
      _main in conftest-107948.o
ld: symbol(s) not found for architecture x86_64
clang: error: linker command failed with exit code 1 (use -v to see invocation)
configure:4623: $? = 1
configure: failed program was:
| /* confdefs.h */
| #define PACKAGE_NAME "splay-daemon"
| #define PACKAGE_TARNAME "splay-daemon"
| #define PACKAGE_VERSION "1.0"
| #define PACKAGE_STRING "splay-daemon 1.0"
| #define PACKAGE_BUGREPORT "raziel.carvajal@unine.ch"
| #define PACKAGE_URL ""
| #define PACKAGE "splay-daemon"
| #define VERSION "1.0"
| #define STDC_HEADERS 1
| #define HAVE_SYS_TYPES_H 1
| #define HAVE_SYS_STAT_H 1
| #define HAVE_STDLIB_H 1
| #define HAVE_STRING_H 1
| #define HAVE_MEMORY_H 1
| #define HAVE_STRINGS_H 1
| #define HAVE_INTTYPES_H 1
| #define HAVE_STDINT_H 1
| #define HAVE_UNISTD_H 1
| #define HAVE_STDLIB_H 1
| #define HAVE_REALLOC 1
| #define HAVE_ARPA_INET_H 1
| #define HAVE_FCNTL_H 1
| #define HAVE_NETINET_IN_H 1
| #define HAVE_STDLIB_H 1
| #define HAVE_STRING_H 1
| #define HAVE_SYS_SOCKET_H 1
| #define HAVE_UNISTD_H 1
| #define HAVE_LUA5_2_LUA_H 1
| #define HAVE_LUA_52 1
| /* end confdefs.h.  */
| 
| /* Override any GCC internal prototype to avoid an error.
|    Use char because int might match the return type of a GCC
|    builtin and then its argument prototype would still apply.  */
| #ifdef __cplusplus
| extern "C"
| #endif
| char lua_close ();
| int
| main ()
| {
| return lua_close ();
|   ;
|   return 0;
| }
configure:4623: gcc -o conftest -g -O2 -I../../include  conftest.c -llua5.2   >&5
ld: library not found for -llua5.2
clang: error: linker command failed with exit code 1 (use -v to see invocation)
configure:4623: $? = 1
configure: failed program was:
| /* confdefs.h */
| #define PACKAGE_NAME "splay-daemon"
| #define PACKAGE_TARNAME "splay-daemon"
| #define PACKAGE_VERSION "1.0"
| #define PACKAGE_STRING "splay-daemon 1.0"
| #define PACKAGE_BUGREPORT "raziel.carvajal@unine.ch"
| #define PACKAGE_URL ""
| #define PACKAGE "splay-daemon"
| #define VERSION "1.0"
| #define STDC_HEADERS 1
| #define HAVE_SYS_TYPES_H 1
| #define HAVE_SYS_STAT_H 1
| #define HAVE_STDLIB_H 1
| #define HAVE_STRING_H 1
| #define HAVE_MEMORY_H 1
| #define HAVE_STRINGS_H 1
| #define HAVE_INTTYPES_H 1
| #define HAVE_STDINT_H 1
| #define HAVE_UNISTD_H 1
| #define HAVE_STDLIB_H 1
| #define HAVE_REALLOC 1
| #define HAVE_ARPA_INET_H 1
| #define HAVE_FCNTL_H 1
| #define HAVE_NETINET_IN_H 1
| #define HAVE_STDLIB_H 1
| #define HAVE_STRING_H 1
| #define HAVE_SYS_SOCKET_H 1
| #define HAVE_UNISTD_H 1
| #define HAVE_LUA5_2_LUA_H 1
| #define HAVE_LUA_52 1
| /* end confdefs.h.  */
| 
| /* Override any GCC internal prototype to avoid an error.
|    Use char because int might match the return type of a GCC
|    builtin and then its argument prototype would still apply.  */
| #ifdef __cplusplus
| extern "C"
| #endif
| char lua_close ();
| int
| main ()
| {
| return lua_close ();
|   ;
|   return 0;
| }
configure:4640: result: no
configure:4658: checking Lualib directory was set by the user
configure:4666: checking for library containing SSL_accept
configure:4697: gcc -o conftest -g -O2 -I../../include  conftest.c  >&5
Undefined symbols for architecture x86_64:
  "_SSL_accept", referenced from:
      _main in conftest-97f28a.o
ld: symbol(s) not found for architecture x86_64
clang: error: linker command failed with exit code 1 (use -v to see invocation)
configure:4697: $? = 1
configure: failed program was:
| /* confdefs.h */
| #define PACKAGE_NAME "splay-daemon"
| #define PACKAGE_TARNAME "splay-daemon"
| #define PACKAGE_VERSION "1.0"
| #define PACKAGE_STRING "splay-daemon 1.0"
| #define PACKAGE_BUGREPORT "raziel.carvajal@unine.ch"
| #define PACKAGE_URL ""
| #define PACKAGE "splay-daemon"
| #define VERSION "1.0"
| #define STDC_HEADERS 1
| #define HAVE_SYS_TYPES_H 1
| #define HAVE_SYS_STAT_H 1
| #define HAVE_STDLIB_H 1
| #define HAVE_STRING_H 1
| #define HAVE_MEMORY_H 1
| #define HAVE_STRINGS_H 1
| #define HAVE_INTTYPES_H 1
| #define HAVE_STDINT_H 1
| #define HAVE_UNISTD_H 1
| #define HAVE_STDLIB_H 1
| #define HAVE_REALLOC 1
| #define HAVE_ARPA_INET_H 1
| #define HAVE_FCNTL_H 1
| #define HAVE_NETINET_IN_H 1
| #define HAVE_STDLIB_H 1
| #define HAVE_STRING_H 1
| #define HAVE_SYS_SOCKET_H 1
| #define HAVE_UNISTD_H 1
| #define HAVE_LUA5_2_LUA_H 1
| #define HAVE_LUA_52 1
| /* end confdefs.h.  */
| 
| /* Override any GCC internal prototype to avoid an error.
|    Use char because int might match the return type of a GCC
|    builtin and then its argument prototype would still apply.  */
| #ifdef __cplusplus
| extern "C"
| #endif
| char SSL_accept ();
| int
| main ()
| {
| return SSL_accept ();
|   ;
|   return 0;
| }
configure:4697: gcc -o conftest -g -O2 -I../../include  conftest.c -lssl   >&5
configure:4697: $? = 0
configure:4714: result: -lssl
configure:4732: checking for library containing DSA_new
configure:4763: gcc -o conftest -g -O2 -I../../include  conftest.c -lssl  >&5
Undefined symbols for architecture x86_64:
  "_DSA_new", referenced from:
      _main in conftest-99517a.o
ld: symbol(s) not found for architecture x86_64
clang: error: linker command failed with exit code 1 (use -v to see invocation)
configure:4763: $? = 1
configure: failed program was:
| /* confdefs.h */
| #define PACKAGE_NAME "splay-daemon"
| #define PACKAGE_TARNAME "splay-daemon"
| #define PACKAGE_VERSION "1.0"
| #define PACKAGE_STRING "splay-daemon 1.0"
| #define PACKAGE_BUGREPORT "raziel.carvajal@unine.ch"
| #define PACKAGE_URL ""
| #define PACKAGE "splay-daemon"
| #define VERSION "1.0"
| #define STDC_HEADERS 1
| #define HAVE_SYS_TYPES_H 1
| #define HAVE_SYS_STAT_H 1
| #define HAVE_STDLIB_H 1
| #define HAVE_STRING_H 1
| #define HAVE_MEMORY_H 1
| #define HAVE_STRINGS_H 1
| #define HAVE_INTTYPES_H 1
| #define HAVE_STDINT_H 1
| #define HAVE_UNISTD_H 1
| #define HAVE_STDLIB_H 1
| #define HAVE_REALLOC 1
| #define HAVE_ARPA_INET_H 1
| #define HAVE_FCNTL_H 1
| #define HAVE_NETINET_IN_H 1
| #define HAVE_STDLIB_H 1
| #define HAVE_STRING_H 1
| #define HAVE_SYS_SOCKET_H 1
| #define HAVE_UNISTD_H 1
| #define HAVE_LUA5_2_LUA_H 1
| #define HAVE_LUA_52 1
| /* end confdefs.h.  */
| 
| /* Override any GCC internal prototype to avoid an error.
|    Use char because int might match the return type of a GCC
|    builtin and then its argument prototype would still apply.  */
| #ifdef __cplusplus
| extern "C"
| #endif
| char DSA_new ();
| int
| main ()
| {
| return DSA_new ();
|   ;
|   return 0;
| }
configure:4763: gcc -o conftest -g -O2 -I../../include  conftest.c -lcrypto  -lssl  >&5
configure:4763: $? = 0
configure:4780: result: -lcrypto
configure:4964: checking that generated files are newer than configure
configure:4970: result: done
configure:5013: creating ./config.status

## ---------------------- ##
## Running config.status. ##
## ---------------------- ##

This file was extended by splay-daemon config.status 1.0, which was
generated by GNU Autoconf 2.69.  Invocation command line was

  CONFIG_FILES    = 
  CONFIG_HEADERS  = 
  CONFIG_LINKS    = 
  CONFIG_COMMANDS = 
  $ ./config.status 

on cli47_185.eduroam.unine.ch

config.status:896: creating src/c/Makefile
config.status:896: creating src/c/luacrypto/Makefile
config.status:896: creating src/c/lbase64/Makefile
config.status:896: creating src/c/lua-cjson/Makefile
config.status:896: creating etc/openssl-cert/Makefile
config.status:896: creating Makefile
config.status:896: creating config.h
config.status:1077: config.h is unchanged
config.status:1125: executing depfiles commands

## ---------------- ##
## Cache variables. ##
## ---------------- ##

ac_cv_build=x86_64-apple-darwin13.4.0
ac_cv_c_compiler_gnu=yes
ac_cv_env_CC_set=
ac_cv_env_CC_value=
ac_cv_env_CFLAGS_set=
ac_cv_env_CFLAGS_value=
ac_cv_env_CPPFLAGS_set=
ac_cv_env_CPPFLAGS_value=
ac_cv_env_CPP_set=
ac_cv_env_CPP_value=
ac_cv_env_LDFLAGS_set=
ac_cv_env_LDFLAGS_value=
ac_cv_env_LIBS_set=
ac_cv_env_LIBS_value=
ac_cv_env_build_alias_set=
ac_cv_env_build_alias_value=
ac_cv_env_host_alias_set=
ac_cv_env_host_alias_value=
ac_cv_env_target_alias_set=
ac_cv_env_target_alias_value=
ac_cv_func_realloc_0_nonnull=yes
ac_cv_header_arpa_inet_h=yes
ac_cv_header_fcntl_h=yes
ac_cv_header_inttypes_h=yes
ac_cv_header_lua5_2_lua_h=yes
ac_cv_header_memory_h=yes
ac_cv_header_netinet_in_h=yes
ac_cv_header_stdc=yes
ac_cv_header_stdint_h=yes
ac_cv_header_stdlib_h=yes
ac_cv_header_string_h=yes
ac_cv_header_strings_h=yes
ac_cv_header_sys_socket_h=yes
ac_cv_header_sys_stat_h=yes
ac_cv_header_sys_types_h=yes
ac_cv_header_unistd_h=yes
ac_cv_host=x86_64-apple-darwin13.4.0
ac_cv_objext=o
ac_cv_path_EGREP='/usr/bin/grep -E'
ac_cv_path_GREP=/usr/bin/grep
ac_cv_path_install='/usr/bin/install -c'
ac_cv_prog_AWK=awk
ac_cv_prog_CPP='gcc -E'
ac_cv_prog_HAVE_LUA=true
ac_cv_prog_HAVE_OPENSSL=true
ac_cv_prog_ac_ct_CC=gcc
ac_cv_prog_cc_c89=
ac_cv_prog_cc_g=yes
ac_cv_prog_make_make_set=yes
ac_cv_search_DSA_new=-lcrypto
ac_cv_search_SSL_accept=-lssl
ac_cv_search_lua_close=no
ac_cv_type_size_t=yes
am_cv_CC_dependencies_compiler_type=gcc3
am_cv_make_support_nested_variables=yes
am_cv_prog_cc_c_o=yes

## ----------------- ##
## Output variables. ##
## ----------------- ##

ACLOCAL='${SHELL} /Users/markusroth/Uni/large-scale_distributed_systems/splay-daemon-1.0/missing aclocal-1.14'
AMDEPBACKSLASH='\'
AMDEP_FALSE='#'
AMDEP_TRUE=''
AMTAR='$${TAR-tar}'
AM_BACKSLASH='\'
AM_DEFAULT_V='$(AM_DEFAULT_VERBOSITY)'
AM_DEFAULT_VERBOSITY='1'
AM_V='$(V)'
AUTOCONF='${SHELL} /Users/markusroth/Uni/large-scale_distributed_systems/splay-daemon-1.0/missing autoconf'
AUTOHEADER='${SHELL} /Users/markusroth/Uni/large-scale_distributed_systems/splay-daemon-1.0/missing autoheader'
AUTOMAKE='${SHELL} /Users/markusroth/Uni/large-scale_distributed_systems/splay-daemon-1.0/missing automake-1.14'
AWK='awk'
CC='gcc'
CCDEPMODE='depmode=gcc3'
CFLAGS='-g -O2'
CPP='gcc -E'
CPPFLAGS='-I../../include'
CRYPTO_LIBRARY=''
CYGPATH_W='echo'
DEFS='-DHAVE_CONFIG_H'
DEPDIR='.deps'
ECHO_C='\c'
ECHO_N=''
ECHO_T=''
EGREP='/usr/bin/grep -E'
EXEEXT=''
GREP='/usr/bin/grep'
HAVE_LUA='true'
HAVE_OPENSSL='true'
INSTALL_DATA='${INSTALL} -m 644'
INSTALL_PROGRAM='${INSTALL}'
INSTALL_SCRIPT='${INSTALL}'
INSTALL_STRIP_PROGRAM='$(install_sh) -c -s'
LDFLAGS=''
LIBOBJS=''
LIBS='-lcrypto -lssl '
LTLIBOBJS=''
LUA_HEADERS='/usr/local/include'
LUA_LIBRARY='/usr/local/lib'
MAKEINFO='${SHELL} /Users/markusroth/Uni/large-scale_distributed_systems/splay-daemon-1.0/missing makeinfo'
MKDIR_P='./install-sh -c -d'
OBJEXT='o'
OPENSSL_LIBRARY=''
PACKAGE='splay-daemon'
PACKAGE_BUGREPORT='raziel.carvajal@unine.ch'
PACKAGE_NAME='splay-daemon'
PACKAGE_STRING='splay-daemon 1.0'
PACKAGE_TARNAME='splay-daemon'
PACKAGE_URL=''
PACKAGE_VERSION='1.0'
PATH_SEPARATOR=':'
SET_MAKE=''
SHELL='/bin/sh'
STRIP=''
VERSION='1.0'
ac_ct_CC='gcc'
am__EXEEXT_FALSE=''
am__EXEEXT_TRUE='#'
am__fastdepCC_FALSE='#'
am__fastdepCC_TRUE=''
am__include='include'
am__isrc=''
am__leading_dot='.'
am__nodep='_no'
am__quote=''
am__tar='$${TAR-tar} chof - "$$tardir"'
am__untar='$${TAR-tar} xf -'
bindir='${exec_prefix}/bin'
build='x86_64-apple-darwin13.4.0'
build_alias=''
build_cpu='x86_64'
build_os='darwin13.4.0'
build_vendor='apple'
cflags='-fno-common -dynamiclib -undefined dynamic_lookup'
crypto_lib_FALSE=''
crypto_lib_TRUE='#'
datadir='${datarootdir}'
datarootdir='${prefix}/share'
docdir='${datarootdir}/doc/${PACKAGE_TARNAME}'
dvidir='${docdir}'
exec_prefix='${prefix}'
host='x86_64-apple-darwin13.4.0'
host_alias=''
host_cpu='x86_64'
host_os='darwin13.4.0'
host_vendor='apple'
htmldir='${docdir}'
includedir='${prefix}/include'
infodir='${datarootdir}/info'
install_sh='${SHELL} /Users/markusroth/Uni/large-scale_distributed_systems/splay-daemon-1.0/install-sh'
libdir='${exec_prefix}/lib'
libexecdir='${exec_prefix}/libexec'
linker_flags='-ldl'
llua='-llua'
localedir='${datarootdir}/locale'
localstatedir='${prefix}/var'
lua_headers_FALSE='#'
lua_headers_TRUE=''
lua_lib_FALSE='#'
lua_lib_TRUE=''
luabase64_FALSE='#'
luabase64_TRUE=''
mandir='${datarootdir}/man'
mkdir_p='$(MKDIR_P)'
oldincludedir='/usr/include'
pdfdir='${docdir}'
prefix='/Users/markusroth/splay-daemon'
program_transform_name='s,x,x,'
psdir='${docdir}'
sbindir='${exec_prefix}/sbin'
sharedstatedir='${prefix}/com'
ssl_lib_FALSE=''
ssl_lib_TRUE='#'
sysconfdir='${prefix}/etc'
target_alias=''
user_prof='.bash_profile'

## ----------- ##
## confdefs.h. ##
## ----------- ##

/* confdefs.h */
#define PACKAGE_NAME "splay-daemon"
#define PACKAGE_TARNAME "splay-daemon"
#define PACKAGE_VERSION "1.0"
#define PACKAGE_STRING "splay-daemon 1.0"
#define PACKAGE_BUGREPORT "raziel.carvajal@unine.ch"
#define PACKAGE_URL ""
#define PACKAGE "splay-daemon"
#define VERSION "1.0"
#define STDC_HEADERS 1
#define HAVE_SYS_TYPES_H 1
#define HAVE_SYS_STAT_H 1
#define HAVE_STDLIB_H 1
#define HAVE_STRING_H 1
#define HAVE_MEMORY_H 1
#define HAVE_STRINGS_H 1
#define HAVE_INTTYPES_H 1
#define HAVE_STDINT_H 1
#define HAVE_UNISTD_H 1
#define HAVE_STDLIB_H 1
#define HAVE_REALLOC 1
#define HAVE_ARPA_INET_H 1
#define HAVE_FCNTL_H 1
#define HAVE_NETINET_IN_H 1
#define HAVE_STDLIB_H 1
#define HAVE_STRING_H 1
#define HAVE_SYS_SOCKET_H 1
#define HAVE_UNISTD_H 1
#define HAVE_LUA5_2_LUA_H 1
#define HAVE_LUA_52 1

configure: exit 0
